1565411057978	mozrunner::runner	INFO	Running command: "/Applications/Firefox.app/Contents/MacOS/firefox-bin" "-marionette" "--proxy-server=http://203.189.142.23:53281" "-foreground" "-no-remote" "-profile" "/var/folders/ns/fj1q4_ld37ld9j1lx0533w_r0000gq/T/rust_mozprofile.mMgsaPodRUGA"
1565411058489	addons.webextension.screenshots@mozilla.org	WARN	Loading extension 'screenshots@mozilla.org': Reading manifest: Invalid extension permission: mozillaAddons
1565411058489	addons.webextension.screenshots@mozilla.org	WARN	Loading extension 'screenshots@mozilla.org': Reading manifest: Invalid extension permission: telemetry
1565411058489	addons.webextension.screenshots@mozilla.org	WARN	Loading extension 'screenshots@mozilla.org': Reading manifest: Invalid extension permission: resource://pdf.js/
1565411058489	addons.webextension.screenshots@mozilla.org	WARN	Loading extension 'screenshots@mozilla.org': Reading manifest: Invalid extension permission: about:reader*
1565411063170	Marionette	INFO	Listening on port 61310
1565411063276	Marionette	WARN	TLS certificate errors will be ignored for this session
JavaScript error: http://sbj.cnipa.gov.cn/sbj/js/sbj_mian.js, line 24: ReferenceError: divT is not defined
JavaScript warning: resource://devtools/server/actors/inspector/event-collector.js, line 501: DebuggeeWouldRun: debuggee `http://wsjs.saic.gov.cn/txnRead01.do?dRmFctOl=qmMg4CcU8Yg8BVpFv9ON1Mf54z2Tl7s.mryRpnYYPi7tQHxsJ.cpzFfAoznkWPlQIrGnU9gUcrXQIRHWWfPdzwPo.EGvupFY1RQcPaI71egK._irDh9PwTcF8IH2Yzn3FRi2fATcxh80AvbMfJusfFXnaI7Aima4ayaIy82BMLXNc7rP line 21 > eval line 1 > eval:1' would run
console.error: BroadcastService: 
  receivedBroadcastMessage: handler for
  remote-settings/monitor_changes
  threw error:
  Message: Error: Polling for changes failed: http://%(server)s/dummy/blocklist//buckets/monitor/collections/changes/records?_expected=%221565395285947%22 is not a valid URL..
  Stack:
    remoteSettingsFunction/remoteSettings.pollChanges@resource://services-settings/remote-settings.js:201:13

console.warn: "Error while detaching the thread front: 'detach' request packet to 'server1.conn0.child1/context18' can't be sent as the connection is closed."

###!!! [Child][MessageChannel] Error: (msgtype=0x240016,name=PCameras::Msg_AllDone) Channel error: cannot send/recv

Exiting due to channel error.
[GFX1-]: Receive IPC close with reason=AbnormalShutdown
Exiting due to channel error.
1565411604029	mozrunner::runner	INFO	Running command: "/Applications/Firefox.app/Contents/MacOS/firefox-bin" "-marionette" "--proxy-server=http://112.109.198.106:3128" "-foreground" "-no-remote" "-profile" "/var/folders/ns/fj1q4_ld37ld9j1lx0533w_r0000gq/T/rust_mozprofile.IdnWt3yq7uMD"
1565411604509	addons.webextension.screenshots@mozilla.org	WARN	Loading extension 'screenshots@mozilla.org': Reading manifest: Invalid extension permission: mozillaAddons
1565411604509	addons.webextension.screenshots@mozilla.org	WARN	Loading extension 'screenshots@mozilla.org': Reading manifest: Invalid extension permission: telemetry
1565411604510	addons.webextension.screenshots@mozilla.org	WARN	Loading extension 'screenshots@mozilla.org': Reading manifest: Invalid extension permission: resource://pdf.js/
1565411604510	addons.webextension.screenshots@mozilla.org	WARN	Loading extension 'screenshots@mozilla.org': Reading manifest: Invalid extension permission: about:reader*
1565411606538	Marionette	INFO	Listening on port 61843
1565411606597	Marionette	WARN	TLS certificate errors will be ignored for this session
JavaScript error: http://sbj.cnipa.gov.cn/sbj/js/sbj_mian.js, line 24: ReferenceError: divT is not defined
console.error: BroadcastService: 
  receivedBroadcastMessage: handler for
  remote-settings/monitor_changes
  threw error:
  Message: Error: Polling for changes failed: http://%(server)s/dummy/blocklist//buckets/monitor/collections/changes/records?_expected=%221565395285947%22 is not a valid URL..
  Stack:
    remoteSettingsFunction/remoteSettings.pollChanges@resource://services-settings/remote-settings.js:201:13

Exiting due to channel error.

###!!! [Child][MessageChannel] Error: (msgtype=0x240016,name=PCameras::Msg_AllDone) Channel error: cannot send/recv

[GFX1-]: Receive IPC close with reason=AbnormalShutdown
[GFX1-]: Receive IPC close with reason=AbnormalShutdown
Exiting due to channel error.
Exiting due to channel error.
1565411806669	mozrunner::runner	INFO	Running command: "/Applications/Firefox.app/Contents/MacOS/firefox-bin" "-marionette" "--proxy-server=http://94.130.20.85:31288" "-foreground" "-no-remote" "-profile" "/var/folders/ns/fj1q4_ld37ld9j1lx0533w_r0000gq/T/rust_mozprofile.9xn61nBDVJpW"
1565411807156	addons.webextension.screenshots@mozilla.org	WARN	Loading extension 'screenshots@mozilla.org': Reading manifest: Invalid extension permission: mozillaAddons
1565411807157	addons.webextension.screenshots@mozilla.org	WARN	Loading extension 'screenshots@mozilla.org': Reading manifest: Invalid extension permission: telemetry
1565411807157	addons.webextension.screenshots@mozilla.org	WARN	Loading extension 'screenshots@mozilla.org': Reading manifest: Invalid extension permission: resource://pdf.js/
1565411807157	addons.webextension.screenshots@mozilla.org	WARN	Loading extension 'screenshots@mozilla.org': Reading manifest: Invalid extension permission: about:reader*
1565411811579	Marionette	INFO	Listening on port 61993
1565411811639	Marionette	WARN	TLS certificate errors will be ignored for this session
JavaScript error: http://sbj.cnipa.gov.cn/sbj/js/sbj_mian.js, line 24: ReferenceError: divT is not defined

###!!! [Child][MessageChannel] Error: (msgtype=0x240016,name=PCameras::Msg_AllDone) Channel error: cannot send/recv

Exiting due to channel error.
[GFX1-]: Receive IPC close with reason=AbnormalShutdown
Exiting due to channel error.
[GFX1-]: Receive IPC close with reason=AbnormalShutdown
Exiting due to channel error.
1565414258940	mozrunner::runner	INFO	Running command: "/Applications/Firefox.app/Contents/MacOS/firefox-bin" "-marionette" "--proxy-server=http://94.130.20.85:31288" "-foreground" "-no-remote" "-profile" "/var/folders/ns/fj1q4_ld37ld9j1lx0533w_r0000gq/T/rust_mozprofile.vON1cVCzEaJY"
1565414259443	addons.webextension.screenshots@mozilla.org	WARN	Loading extension 'screenshots@mozilla.org': Reading manifest: Invalid extension permission: mozillaAddons
1565414259443	addons.webextension.screenshots@mozilla.org	WARN	Loading extension 'screenshots@mozilla.org': Reading manifest: Invalid extension permission: telemetry
1565414259444	addons.webextension.screenshots@mozilla.org	WARN	Loading extension 'screenshots@mozilla.org': Reading manifest: Invalid extension permission: resource://pdf.js/
1565414259444	addons.webextension.screenshots@mozilla.org	WARN	Loading extension 'screenshots@mozilla.org': Reading manifest: Invalid extension permission: about:reader*
1565414261543	Marionette	INFO	Listening on port 62323
1565414261627	Marionette	WARN	TLS certificate errors will be ignored for this session
console.error: BroadcastService: 
  receivedBroadcastMessage: handler for
  remote-settings/monitor_changes
  threw error:
  Message: Error: Polling for changes failed: http://%(server)s/dummy/blocklist//buckets/monitor/collections/changes/records?_expected=%221565395285947%22 is not a valid URL..
  Stack:
    remoteSettingsFunction/remoteSettings.pollChanges@resource://services-settings/remote-settings.js:201:13

JavaScript warning: resource:///modules/UrlbarView.jsm, line 123: Array.reduce is deprecated; use Array.prototype.reduce instead

###!!! [Child][MessageChannel] Error: (msgtype=0x240016,name=PCameras::Msg_AllDone) Channel error: cannot send/recv

[GFX1-]: Receive IPC close with reason=AbnormalShutdown
[Child 83481, Chrome_ChildThread] WARNING: pipe error: Broken pipe: file /builds/worker/workspace/build/src/ipc/chromium/src/chrome/common/ipc_channel_posix.cc, line 727
Exiting due to channel error.
[GFX1-]: Receive IPC close with reason=AbnormalShutdown
Exiting due to channel error.
[GFX1-]: Receive IPC close with reason=AbnormalShutdown
Exiting due to channel error.
1565415902942	mozrunner::runner	INFO	Running command: "/Applications/Firefox.app/Contents/MacOS/firefox-bin" "-marionette" "--proxy-server=http://117.127.16.205:8080" "-foreground" "-no-remote" "-profile" "/var/folders/ns/fj1q4_ld37ld9j1lx0533w_r0000gq/T/rust_mozprofile.1YsJKV0ZIoPp"
1565415903427	addons.webextension.screenshots@mozilla.org	WARN	Loading extension 'screenshots@mozilla.org': Reading manifest: Invalid extension permission: mozillaAddons
1565415903427	addons.webextension.screenshots@mozilla.org	WARN	Loading extension 'screenshots@mozilla.org': Reading manifest: Invalid extension permission: telemetry
1565415903427	addons.webextension.screenshots@mozilla.org	WARN	Loading extension 'screenshots@mozilla.org': Reading manifest: Invalid extension permission: resource://pdf.js/
1565415903427	addons.webextension.screenshots@mozilla.org	WARN	Loading extension 'screenshots@mozilla.org': Reading manifest: Invalid extension permission: about:reader*
1565415905589	Marionette	INFO	Listening on port 62694
1565415905632	Marionette	WARN	TLS certificate errors will be ignored for this session

###!!! [Child][MessageChannel] Error: (msgtype=0x240016,name=PCameras::Msg_AllDone) Channel error: cannot send/recv

[GFX1-]: Receive IPC close with reason=AbnormalShutdown
[GFX1-]: Receive IPC close with reason=AbnormalShutdown
Exiting due to channel error.
[Child 83840, Chrome_ChildThread] WARNING: pipe error: Broken pipe: file /builds/worker/workspace/build/src/ipc/chromium/src/chrome/common/ipc_channel_posix.cc, line 727
Exiting due to channel error.
Exiting due to channel error.
1565415989003	mozrunner::runner	INFO	Running command: "/Applications/Firefox.app/Contents/MacOS/firefox-bin" "-marionette" "--proxy-server=http://123.139.56.238:9999" "-foreground" "-no-remote" "-profile" "/var/folders/ns/fj1q4_ld37ld9j1lx0533w_r0000gq/T/rust_mozprofile.3XnWpk48DMBZ"
1565415989497	addons.webextension.screenshots@mozilla.org	WARN	Loading extension 'screenshots@mozilla.org': Reading manifest: Invalid extension permission: mozillaAddons
1565415989497	addons.webextension.screenshots@mozilla.org	WARN	Loading extension 'screenshots@mozilla.org': Reading manifest: Invalid extension permission: telemetry
1565415989497	addons.webextension.screenshots@mozilla.org	WARN	Loading extension 'screenshots@mozilla.org': Reading manifest: Invalid extension permission: resource://pdf.js/
1565415989497	addons.webextension.screenshots@mozilla.org	WARN	Loading extension 'screenshots@mozilla.org': Reading manifest: Invalid extension permission: about:reader*
1565415991344	Marionette	INFO	Listening on port 62788
1565415991370	Marionette	WARN	TLS certificate errors will be ignored for this session

###!!! [Child][MessageChannel] Error: (msgtype=0x240016,name=PCameras::Msg_AllDone) Channel error: cannot send/recv

[GFX1-]: Receive IPC close with reason=AbnormalShutdown
Exiting due to channel error.
[Child 83967, Chrome_ChildThread] WARNING: pipe error: Broken pipe: file /builds/worker/workspace/build/src/ipc/chromium/src/chrome/common/ipc_channel_posix.cc, line 727
[GFX1-]: Receive IPC close with reason=AbnormalShutdown
[GFX1-]: Receive IPC close with reason=AbnormalShutdown
Exiting due to channel error.
Exiting due to channel error.
1565416055694	mozrunner::runner	INFO	Running command: "/Applications/Firefox.app/Contents/MacOS/firefox-bin" "-marionette" "--proxy-server=http://115.159.31.195:8080" "-foreground" "-no-remote" "-profile" "/var/folders/ns/fj1q4_ld37ld9j1lx0533w_r0000gq/T/rust_mozprofile.7bSj95RPvs8D"
1565416056182	addons.webextension.screenshots@mozilla.org	WARN	Loading extension 'screenshots@mozilla.org': Reading manifest: Invalid extension permission: mozillaAddons
1565416056182	addons.webextension.screenshots@mozilla.org	WARN	Loading extension 'screenshots@mozilla.org': Reading manifest: Invalid extension permission: telemetry
1565416056182	addons.webextension.screenshots@mozilla.org	WARN	Loading extension 'screenshots@mozilla.org': Reading manifest: Invalid extension permission: resource://pdf.js/
1565416056182	addons.webextension.screenshots@mozilla.org	WARN	Loading extension 'screenshots@mozilla.org': Reading manifest: Invalid extension permission: about:reader*
1565416058350	Marionette	INFO	Listening on port 62876
1565416058365	Marionette	WARN	TLS certificate errors will be ignored for this session

###!!! [Child][MessageChannel] Error: (msgtype=0x240016,name=PCameras::Msg_AllDone) Channel error: cannot send/recv

Exiting due to channel error.
Exiting due to channel error.
Exiting due to channel error.
1565416157673	mozrunner::runner	INFO	Running command: "/Applications/Firefox.app/Contents/MacOS/firefox-bin" "-marionette" "--proxy-server=http://111.231.140.109:8888" "-foreground" "-no-remote" "-profile" "/var/folders/ns/fj1q4_ld37ld9j1lx0533w_r0000gq/T/rust_mozprofile.gU8NAH2Eod05"
1565416158166	addons.webextension.screenshots@mozilla.org	WARN	Loading extension 'screenshots@mozilla.org': Reading manifest: Invalid extension permission: mozillaAddons
1565416158166	addons.webextension.screenshots@mozilla.org	WARN	Loading extension 'screenshots@mozilla.org': Reading manifest: Invalid extension permission: telemetry
1565416158166	addons.webextension.screenshots@mozilla.org	WARN	Loading extension 'screenshots@mozilla.org': Reading manifest: Invalid extension permission: resource://pdf.js/
1565416158166	addons.webextension.screenshots@mozilla.org	WARN	Loading extension 'screenshots@mozilla.org': Reading manifest: Invalid extension permission: about:reader*
1565416160773	Marionette	INFO	Listening on port 62976
1565416160869	Marionette	WARN	TLS certificate errors will be ignored for this session

###!!! [Child][MessageChannel] Error: (msgtype=0x240016,name=PCameras::Msg_AllDone) Channel error: cannot send/recv

Exiting due to channel error.
[GFX1-]: Receive IPC close with reason=AbnormalShutdown
Exiting due to channel error.
1565416217888	mozrunner::runner	INFO	Running command: "/Applications/Firefox.app/Contents/MacOS/firefox-bin" "-marionette" "--proxy-server=http://217.61.23.111:8080" "-foreground" "-no-remote" "-profile" "/var/folders/ns/fj1q4_ld37ld9j1lx0533w_r0000gq/T/rust_mozprofile.rfgrsKhWmJRy"
1565416218393	addons.webextension.screenshots@mozilla.org	WARN	Loading extension 'screenshots@mozilla.org': Reading manifest: Invalid extension permission: mozillaAddons
1565416218394	addons.webextension.screenshots@mozilla.org	WARN	Loading extension 'screenshots@mozilla.org': Reading manifest: Invalid extension permission: telemetry
1565416218394	addons.webextension.screenshots@mozilla.org	WARN	Loading extension 'screenshots@mozilla.org': Reading manifest: Invalid extension permission: resource://pdf.js/
1565416218394	addons.webextension.screenshots@mozilla.org	WARN	Loading extension 'screenshots@mozilla.org': Reading manifest: Invalid extension permission: about:reader*
1565416223160	Marionette	INFO	Listening on port 63070
1565416223266	Marionette	WARN	TLS certificate errors will be ignored for this session
console.error: BroadcastService: 
  receivedBroadcastMessage: handler for
  remote-settings/monitor_changes
  threw error:
  Message: Error: Polling for changes failed: http://%(server)s/dummy/blocklist//buckets/monitor/collections/changes/records?_expected=%221565395285947%22 is not a valid URL..
  Stack:
    remoteSettingsFunction/remoteSettings.pollChanges@resource://services-settings/remote-settings.js:201:13


###!!! [Child][MessageChannel] Error: (msgtype=0x240016,name=PCameras::Msg_AllDone) Channel error: cannot send/recv

[GFX1-]: Receive IPC close with reason=AbnormalShutdown
Exiting due to channel error.
[GFX1-]: Receive IPC close with reason=AbnormalShutdown
[Child 84076, Chrome_ChildThread] WARNING: pipe error: Broken pipe: file /builds/worker/workspace/build/src/ipc/chromium/src/chrome/common/ipc_channel_posix.cc, line 727
Exiting due to channel error.
1565416770687	mozrunner::runner	INFO	Running command: "/Applications/Firefox.app/Contents/MacOS/firefox-bin" "-marionette" "--proxy-server=http://111.231.140.109:8888" "-foreground" "-no-remote" "-profile" "/var/folders/ns/fj1q4_ld37ld9j1lx0533w_r0000gq/T/rust_mozprofile.vXAPY5pe2TPW"
1565416771171	addons.webextension.screenshots@mozilla.org	WARN	Loading extension 'screenshots@mozilla.org': Reading manifest: Invalid extension permission: mozillaAddons
1565416771171	addons.webextension.screenshots@mozilla.org	WARN	Loading extension 'screenshots@mozilla.org': Reading manifest: Invalid extension permission: telemetry
1565416771171	addons.webextension.screenshots@mozilla.org	WARN	Loading extension 'screenshots@mozilla.org': Reading manifest: Invalid extension permission: resource://pdf.js/
1565416771171	addons.webextension.screenshots@mozilla.org	WARN	Loading extension 'screenshots@mozilla.org': Reading manifest: Invalid extension permission: about:reader*
1565416773144	Marionette	INFO	Listening on port 63222
1565416773166	Marionette	WARN	TLS certificate errors will be ignored for this session
JavaScript error: http://sbj.cnipa.gov.cn/sbj/js/sbj_mian.js, line 24: ReferenceError: divT is not defined
console.error: BroadcastService: 
  receivedBroadcastMessage: handler for
  remote-settings/monitor_changes
  threw error:
  Message: Error: Polling for changes failed: http://%(server)s/dummy/blocklist//buckets/monitor/collections/changes/records?_expected=%221565395285947%22 is not a valid URL..
  Stack:
    remoteSettingsFunction/remoteSettings.pollChanges@resource://services-settings/remote-settings.js:201:13


###!!! [Child][MessageChannel] Error: (msgtype=0x240016,name=PCameras::Msg_AllDone) Channel error: cannot send/recv

[GFX1-]: Receive IPC close with reason=AbnormalShutdown
Exiting due to channel error.
[GFX1-]: Receive IPC close with reason=AbnormalShutdown
Exiting due to channel error.
1565416840841	mozrunner::runner	INFO	Running command: "/Applications/Firefox.app/Contents/MacOS/firefox-bin" "-marionette" "--proxy-server=http://202.112.51.51:8082" "-foreground" "-no-remote" "-profile" "/var/folders/ns/fj1q4_ld37ld9j1lx0533w_r0000gq/T/rust_mozprofile.ZabZh6qEBhRs"
1565416841337	addons.webextension.screenshots@mozilla.org	WARN	Loading extension 'screenshots@mozilla.org': Reading manifest: Invalid extension permission: mozillaAddons
1565416841338	addons.webextension.screenshots@mozilla.org	WARN	Loading extension 'screenshots@mozilla.org': Reading manifest: Invalid extension permission: telemetry
1565416841338	addons.webextension.screenshots@mozilla.org	WARN	Loading extension 'screenshots@mozilla.org': Reading manifest: Invalid extension permission: resource://pdf.js/
1565416841338	addons.webextension.screenshots@mozilla.org	WARN	Loading extension 'screenshots@mozilla.org': Reading manifest: Invalid extension permission: about:reader*
1565416843281	Marionette	INFO	Listening on port 63311
1565416843314	Marionette	WARN	TLS certificate errors will be ignored for this session
JavaScript error: http://sbj.cnipa.gov.cn/sbj/js/sbj_mian.js, line 24: ReferenceError: divT is not defined
JavaScript error: http://sbj.cnipa.gov.cn/sbj/js/sbj_mian.js, line 24: ReferenceError: divT is not defined
JavaScript error: http://sbj.cnipa.gov.cn/sbj/js/sbj_mian.js, line 24: ReferenceError: divT is not defined

###!!! [Child][MessageChannel] Error: (msgtype=0x240016,name=PCameras::Msg_AllDone) Channel error: cannot send/recv

[GFX1-]: Receive IPC close with reason=AbnormalShutdown
[GFX1-]: Receive IPC close with reason=AbnormalShutdown
Exiting due to channel error.
[Child 84176, Chrome_ChildThread] WARNING: pipe error: Broken pipe: file /builds/worker/workspace/build/src/ipc/chromium/src/chrome/common/ipc_channel_posix.cc, line 727
Exiting due to channel error.
Exiting due to channel error.
1565416980424	mozrunner::runner	INFO	Running command: "/Applications/Firefox.app/Contents/MacOS/firefox-bin" "-marionette" "--proxy-server=http://111.231.140.109:8888" "-foreground" "-no-remote" "-profile" "/var/folders/ns/fj1q4_ld37ld9j1lx0533w_r0000gq/T/rust_mozprofile.dOX0lx4zP4nY"
1565416980907	addons.webextension.screenshots@mozilla.org	WARN	Loading extension 'screenshots@mozilla.org': Reading manifest: Invalid extension permission: mozillaAddons
1565416980907	addons.webextension.screenshots@mozilla.org	WARN	Loading extension 'screenshots@mozilla.org': Reading manifest: Invalid extension permission: telemetry
1565416980908	addons.webextension.screenshots@mozilla.org	WARN	Loading extension 'screenshots@mozilla.org': Reading manifest: Invalid extension permission: resource://pdf.js/
1565416980908	addons.webextension.screenshots@mozilla.org	WARN	Loading extension 'screenshots@mozilla.org': Reading manifest: Invalid extension permission: about:reader*
1565416983141	Marionette	INFO	Listening on port 63409
1565416983196	Marionette	WARN	TLS certificate errors will be ignored for this session
JavaScript error: http://sbj.cnipa.gov.cn/sbj/js/sbj_mian.js, line 24: ReferenceError: divT is not defined
1565417008326	Marionette	WARN	TimedPromise timed out after 500 ms: stacktrace:
bail@chrome://marionette/content/sync.js:223:64
console.error: BroadcastService: 
  receivedBroadcastMessage: handler for
  remote-settings/monitor_changes
  threw error:
  Message: Error: Polling for changes failed: http://%(server)s/dummy/blocklist//buckets/monitor/collections/changes/records?_expected=%221565395285947%22 is not a valid URL..
  Stack:
    remoteSettingsFunction/remoteSettings.pollChanges@resource://services-settings/remote-settings.js:201:13


###!!! [Child][MessageChannel] Error: (msgtype=0x240016,name=PCameras::Msg_AllDone) Channel error: cannot send/recv

Exiting due to channel error.
[GFX1-]: Receive IPC close with reason=AbnormalShutdown
Exiting due to channel error.
1565417383217	mozrunner::runner	INFO	Running command: "/Applications/Firefox.app/Contents/MacOS/firefox-bin" "-marionette" "-foreground" "-no-remote" "-profile" "/var/folders/ns/fj1q4_ld37ld9j1lx0533w_r0000gq/T/rust_mozprofile.4CdOqYOuEKPb"
1565417383708	addons.webextension.screenshots@mozilla.org	WARN	Loading extension 'screenshots@mozilla.org': Reading manifest: Invalid extension permission: mozillaAddons
1565417383708	addons.webextension.screenshots@mozilla.org	WARN	Loading extension 'screenshots@mozilla.org': Reading manifest: Invalid extension permission: telemetry
1565417383708	addons.webextension.screenshots@mozilla.org	WARN	Loading extension 'screenshots@mozilla.org': Reading manifest: Invalid extension permission: resource://pdf.js/
1565417383708	addons.webextension.screenshots@mozilla.org	WARN	Loading extension 'screenshots@mozilla.org': Reading manifest: Invalid extension permission: about:reader*
1565417385757	Marionette	INFO	Listening on port 63627
1565417385799	Marionette	WARN	TLS certificate errors will be ignored for this session
Exiting due to channel error.
[GFX1-]: Receive IPC close with reason=AbnormalShutdown
[GFX1-]: Receive IPC close with reason=AbnormalShutdown
[Child 84416, Chrome_ChildThread] WARNING: pipe error: Broken pipe: file /builds/worker/workspace/build/src/ipc/chromium/src/chrome/common/ipc_channel_posix.cc, line 727
Exiting due to channel error.
Exiting due to channel error.
1565423484532	mozrunner::runner	INFO	Running command: "/Applications/Firefox.app/Contents/MacOS/firefox-bin" "-marionette" "-foreground" "-no-remote" "-profile" "/var/folders/ns/fj1q4_ld37ld9j1lx0533w_r0000gq/T/rust_mozprofile.30NyZc9GMw9U"
1565423485081	addons.webextension.screenshots@mozilla.org	WARN	Loading extension 'screenshots@mozilla.org': Reading manifest: Invalid extension permission: mozillaAddons
1565423485081	addons.webextension.screenshots@mozilla.org	WARN	Loading extension 'screenshots@mozilla.org': Reading manifest: Invalid extension permission: telemetry
1565423485081	addons.webextension.screenshots@mozilla.org	WARN	Loading extension 'screenshots@mozilla.org': Reading manifest: Invalid extension permission: resource://pdf.js/
1565423485082	addons.webextension.screenshots@mozilla.org	WARN	Loading extension 'screenshots@mozilla.org': Reading manifest: Invalid extension permission: about:reader*
1565423487594	Marionette	INFO	Listening on port 63759
1565423487622	Marionette	WARN	TLS certificate errors will be ignored for this session
Exiting due to channel error.
[GFX1-]: Receive IPC close with reason=AbnormalShutdown
Exiting due to channel error.
Exiting due to channel error.
1565423534116	mozrunner::runner	INFO	Running command: "/Applications/Firefox.app/Contents/MacOS/firefox-bin" "-marionette" "-foreground" "-no-remote" "-profile" "/var/folders/ns/fj1q4_ld37ld9j1lx0533w_r0000gq/T/rust_mozprofile.wJify1phmE10"
1565423534610	addons.webextension.screenshots@mozilla.org	WARN	Loading extension 'screenshots@mozilla.org': Reading manifest: Invalid extension permission: mozillaAddons
1565423534611	addons.webextension.screenshots@mozilla.org	WARN	Loading extension 'screenshots@mozilla.org': Reading manifest: Invalid extension permission: telemetry
1565423534611	addons.webextension.screenshots@mozilla.org	WARN	Loading extension 'screenshots@mozilla.org': Reading manifest: Invalid extension permission: resource://pdf.js/
1565423534611	addons.webextension.screenshots@mozilla.org	WARN	Loading extension 'screenshots@mozilla.org': Reading manifest: Invalid extension permission: about:reader*
1565423536971	Marionette	INFO	Listening on port 63833
1565423537008	Marionette	WARN	TLS certificate errors will be ignored for this session
[GFX1-]: Receive IPC close with reason=AbnormalShutdown
[Child 84530, Chrome_ChildThread] WARNING: pipe error: Broken pipe: file /builds/worker/workspace/build/src/ipc/chromium/src/chrome/common/ipc_channel_posix.cc, line 727
Exiting due to channel error.
Exiting due to channel error.
[GFX1-]: Receive IPC close with reason=AbnormalShutdown
Exiting due to channel error.
1565423574546	mozrunner::runner	INFO	Running command: "/Applications/Firefox.app/Contents/MacOS/firefox-bin" "-marionette" "-foreground" "-no-remote" "-profile" "/var/folders/ns/fj1q4_ld37ld9j1lx0533w_r0000gq/T/rust_mozprofile.HgNhiIdPqkis"
1565423575033	addons.webextension.screenshots@mozilla.org	WARN	Loading extension 'screenshots@mozilla.org': Reading manifest: Invalid extension permission: mozillaAddons
1565423575033	addons.webextension.screenshots@mozilla.org	WARN	Loading extension 'screenshots@mozilla.org': Reading manifest: Invalid extension permission: telemetry
1565423575033	addons.webextension.screenshots@mozilla.org	WARN	Loading extension 'screenshots@mozilla.org': Reading manifest: Invalid extension permission: resource://pdf.js/
1565423575033	addons.webextension.screenshots@mozilla.org	WARN	Loading extension 'screenshots@mozilla.org': Reading manifest: Invalid extension permission: about:reader*
1565423579163	Marionette	INFO	Listening on port 63892
1565423579187	Marionette	WARN	TLS certificate errors will be ignored for this session
Exiting due to channel error.
Exiting due to channel error.
[GFX1-]: Receive IPC close with reason=AbnormalShutdown
Exiting due to channel error.
1565423637521	mozrunner::runner	INFO	Running command: "/Applications/Firefox.app/Contents/MacOS/firefox-bin" "-marionette" "-foreground" "-no-remote" "-profile" "/var/folders/ns/fj1q4_ld37ld9j1lx0533w_r0000gq/T/rust_mozprofile.Rq0mndm7DoRH"
1565423638031	addons.webextension.screenshots@mozilla.org	WARN	Loading extension 'screenshots@mozilla.org': Reading manifest: Invalid extension permission: mozillaAddons
1565423638032	addons.webextension.screenshots@mozilla.org	WARN	Loading extension 'screenshots@mozilla.org': Reading manifest: Invalid extension permission: telemetry
1565423638032	addons.webextension.screenshots@mozilla.org	WARN	Loading extension 'screenshots@mozilla.org': Reading manifest: Invalid extension permission: resource://pdf.js/
1565423638032	addons.webextension.screenshots@mozilla.org	WARN	Loading extension 'screenshots@mozilla.org': Reading manifest: Invalid extension permission: about:reader*
1565423641821	Marionette	INFO	Listening on port 63978
1565423641857	Marionette	WARN	TLS certificate errors will be ignored for this session
Exiting due to channel error.
[GFX1-]: Receive IPC close with reason=AbnormalShutdown
[GFX1-]: Receive IPC close with reason=AbnormalShutdown
Exiting due to channel error.
[Child 84592, Chrome_ChildThread] WARNING: pipe error: Broken pipe: file /builds/worker/workspace/build/src/ipc/chromium/src/chrome/common/ipc_channel_posix.cc, line 727
Exiting due to channel error.
1565423676648	mozrunner::runner	INFO	Running command: "/Applications/Firefox.app/Contents/MacOS/firefox-bin" "-marionette" "-foreground" "-no-remote" "-profile" "/var/folders/ns/fj1q4_ld37ld9j1lx0533w_r0000gq/T/rust_mozprofile.owQaXXpdQM9O"
1565423677133	addons.webextension.screenshots@mozilla.org	WARN	Loading extension 'screenshots@mozilla.org': Reading manifest: Invalid extension permission: mozillaAddons
1565423677133	addons.webextension.screenshots@mozilla.org	WARN	Loading extension 'screenshots@mozilla.org': Reading manifest: Invalid extension permission: telemetry
1565423677133	addons.webextension.screenshots@mozilla.org	WARN	Loading extension 'screenshots@mozilla.org': Reading manifest: Invalid extension permission: resource://pdf.js/
1565423677134	addons.webextension.screenshots@mozilla.org	WARN	Loading extension 'screenshots@mozilla.org': Reading manifest: Invalid extension permission: about:reader*
1565423679645	Marionette	INFO	Listening on port 64070
1565423679745	Marionette	WARN	TLS certificate errors will be ignored for this session
Exiting due to channel error.
Exiting due to channel error.
[GFX1-]: Receive IPC close with reason=AbnormalShutdown
[GFX1-]: Receive IPC close with reason=AbnormalShutdown
Exiting due to channel error.
1565423811560	mozrunner::runner	INFO	Running command: "/Applications/Firefox.app/Contents/MacOS/firefox-bin" "-marionette" "-foreground" "-no-remote" "-profile" "/var/folders/ns/fj1q4_ld37ld9j1lx0533w_r0000gq/T/rust_mozprofile.t1o3pVGqBepA"
1565423812057	addons.webextension.screenshots@mozilla.org	WARN	Loading extension 'screenshots@mozilla.org': Reading manifest: Invalid extension permission: mozillaAddons
1565423812057	addons.webextension.screenshots@mozilla.org	WARN	Loading extension 'screenshots@mozilla.org': Reading manifest: Invalid extension permission: telemetry
1565423812057	addons.webextension.screenshots@mozilla.org	WARN	Loading extension 'screenshots@mozilla.org': Reading manifest: Invalid extension permission: resource://pdf.js/
1565423812057	addons.webextension.screenshots@mozilla.org	WARN	Loading extension 'screenshots@mozilla.org': Reading manifest: Invalid extension permission: about:reader*
1565423814272	Marionette	INFO	Listening on port 64163
1565423814355	Marionette	WARN	TLS certificate errors will be ignored for this session
console.error: BroadcastService: 
  receivedBroadcastMessage: handler for
  remote-settings/monitor_changes
  threw error:
  Message: Error: Polling for changes failed: http://%(server)s/dummy/blocklist//buckets/monitor/collections/changes/records?_expected=%221565395285947%22 is not a valid URL..
  Stack:
    remoteSettingsFunction/remoteSettings.pollChanges@resource://services-settings/remote-settings.js:201:13

[GFX1-]: Receive IPC close with reason=AbnormalShutdown
[Child 84776, Chrome_ChildThread] WARNING: pipe error: Broken pipe: file /builds/worker/workspace/build/src/ipc/chromium/src/chrome/common/ipc_channel_posix.cc, line 727
Exiting due to channel error.
[GFX1-]: Receive IPC close with reason=AbnormalShutdown
[GFX1-]: Receive IPC close with reason=AbnormalShutdown
Exiting due to channel error.
Exiting due to channel error.
1565425064171	mozrunner::runner	INFO	Running command: "/Applications/Firefox.app/Contents/MacOS/firefox-bin" "-marionette" "-foreground" "-no-remote" "-profile" "/var/folders/ns/fj1q4_ld37ld9j1lx0533w_r0000gq/T/rust_mozprofile.a1MdatihAigK"
1565425064699	addons.webextension.screenshots@mozilla.org	WARN	Loading extension 'screenshots@mozilla.org': Reading manifest: Invalid extension permission: mozillaAddons
1565425064699	addons.webextension.screenshots@mozilla.org	WARN	Loading extension 'screenshots@mozilla.org': Reading manifest: Invalid extension permission: telemetry
1565425064699	addons.webextension.screenshots@mozilla.org	WARN	Loading extension 'screenshots@mozilla.org': Reading manifest: Invalid extension permission: resource://pdf.js/
1565425064699	addons.webextension.screenshots@mozilla.org	WARN	Loading extension 'screenshots@mozilla.org': Reading manifest: Invalid extension permission: about:reader*
1565425066568	Marionette	INFO	Listening on port 64937
1565425066645	Marionette	WARN	TLS certificate errors will be ignored for this session
[GFX1-]: Receive IPC close with reason=AbnormalShutdown
Exiting due to channel error.
Exiting due to channel error.
Exiting due to channel error.
1565425130548	mozrunner::runner	INFO	Running command: "/Applications/Firefox.app/Contents/MacOS/firefox-bin" "-marionette" "-foreground" "-no-remote" "-profile" "/var/folders/ns/fj1q4_ld37ld9j1lx0533w_r0000gq/T/rust_mozprofile.cqL36oWmtK6y"
1565425131036	addons.webextension.screenshots@mozilla.org	WARN	Loading extension 'screenshots@mozilla.org': Reading manifest: Invalid extension permission: mozillaAddons
1565425131036	addons.webextension.screenshots@mozilla.org	WARN	Loading extension 'screenshots@mozilla.org': Reading manifest: Invalid extension permission: telemetry
1565425131036	addons.webextension.screenshots@mozilla.org	WARN	Loading extension 'screenshots@mozilla.org': Reading manifest: Invalid extension permission: resource://pdf.js/
1565425131037	addons.webextension.screenshots@mozilla.org	WARN	Loading extension 'screenshots@mozilla.org': Reading manifest: Invalid extension permission: about:reader*
1565425133881	Marionette	INFO	Listening on port 64997
1565425133952	Marionette	WARN	TLS certificate errors will be ignored for this session
[GFX1-]: Receive IPC close with reason=AbnormalShutdown
Exiting due to channel error.
[GFX1-]: Receive IPC close with reason=AbnormalShutdown
[GFX1-]: Receive IPC close with reason=AbnormalShutdown
Exiting due to channel error.
Exiting due to channel error.
1565425166198	mozrunner::runner	INFO	Running command: "/Applications/Firefox.app/Contents/MacOS/firefox-bin" "-marionette" "-foreground" "-no-remote" "-profile" "/var/folders/ns/fj1q4_ld37ld9j1lx0533w_r0000gq/T/rust_mozprofile.HF1p81s9l0Qw"
1565425166691	addons.webextension.screenshots@mozilla.org	WARN	Loading extension 'screenshots@mozilla.org': Reading manifest: Invalid extension permission: mozillaAddons
1565425166691	addons.webextension.screenshots@mozilla.org	WARN	Loading extension 'screenshots@mozilla.org': Reading manifest: Invalid extension permission: telemetry
1565425166692	addons.webextension.screenshots@mozilla.org	WARN	Loading extension 'screenshots@mozilla.org': Reading manifest: Invalid extension permission: resource://pdf.js/
1565425166692	addons.webextension.screenshots@mozilla.org	WARN	Loading extension 'screenshots@mozilla.org': Reading manifest: Invalid extension permission: about:reader*
1565425168458	Marionette	INFO	Listening on port 65071
1565425168472	Marionette	WARN	TLS certificate errors will be ignored for this session
[GFX1-]: Receive IPC close with reason=AbnormalShutdown
[Child 85067, Chrome_ChildThread] WARNING: pipe error: Broken pipe: file /builds/worker/workspace/build/src/ipc/chromium/src/chrome/common/ipc_channel_posix.cc, line 727
Exiting due to channel error.
[GFX1-]: Receive IPC close with reason=AbnormalShutdown
Exiting due to channel error.
[GFX1-]: Receive IPC close with reason=AbnormalShutdown
Exiting due to channel error.
1565425365797	mozrunner::runner	INFO	Running command: "/Applications/Firefox.app/Contents/MacOS/firefox-bin" "-marionette" "-foreground" "-no-remote" "-profile" "/var/folders/ns/fj1q4_ld37ld9j1lx0533w_r0000gq/T/rust_mozprofile.hX5c3U3I00dj"
1565425366284	addons.webextension.screenshots@mozilla.org	WARN	Loading extension 'screenshots@mozilla.org': Reading manifest: Invalid extension permission: mozillaAddons
1565425366284	addons.webextension.screenshots@mozilla.org	WARN	Loading extension 'screenshots@mozilla.org': Reading manifest: Invalid extension permission: telemetry
1565425366284	addons.webextension.screenshots@mozilla.org	WARN	Loading extension 'screenshots@mozilla.org': Reading manifest: Invalid extension permission: resource://pdf.js/
1565425366284	addons.webextension.screenshots@mozilla.org	WARN	Loading extension 'screenshots@mozilla.org': Reading manifest: Invalid extension permission: about:reader*
1565425368075	Marionette	INFO	Listening on port 65283
1565425368169	Marionette	WARN	TLS certificate errors will be ignored for this session
1565426267727	Sync.ErrorHandler	ERROR	Sync encountered a login error
1565426269019	Marionette	INFO	Stopped listening on port 65283
